# JRE version: Java(TM) SE Runtime Environment (8.0_161-b12) (build 1.8.0_161-b12)
# Java VM: Java HotSpot(TM) 64-Bit Server VM (25.161-b12 mixed mode windows-amd64 compressed oops)
Heap:
 PSYoungGen      total 274944K, used 184840K [0x00000000d6200000, 0x00000000e9f00000, 0x0000000100000000)
  eden space 251904K, 64% used [0x00000000d6200000,0x00000000e0009b48,0x00000000e5800000)
  from space 23040K, 99% used [0x00000000e5800000,0x00000000e6e78858,0x00000000e6e80000)
  to   space 30208K, 0% used [0x00000000e8180000,0x00000000e8180000,0x00000000e9f00000)
 ParOldGen       total 89600K, used 35368K [0x0000000082600000, 0x0000000087d80000, 0x00000000d6200000)
  object space 89600K, 39% used [0x0000000082600000,0x000000008488a240,0x0000000087d80000)
 Metaspace       used 31214K, capacity 32102K, committed 32256K, reserved 1077248K
  class space    used 3551K, capacity 3793K, committed 3840K, reserved 1048576K
GC Heap History (10 events):
Event: 1.881 GC heap before
{Heap before GC invocations=4 (full 0):
 PSYoungGen      total 70656K, used 70640K [0x00000000d6200000, 0x00000000dec00000, 0x0000000100000000)
  eden space 65536K, 100% used [0x00000000d6200000,0x00000000da200000,0x00000000da200000)
  from space 5120K, 99% used [0x00000000da200000,0x00000000da6fc010,0x00000000da700000)
  to   space 5120K, 0% used [0x00000000de700000,0x00000000de700000,0x00000000dec00000)
 ParOldGen       total 86016K, used 9854K [0x0000000082600000, 0x0000000087a00000, 0x00000000d6200000)
  object space 86016K, 11% used [0x0000000082600000,0x0000000082f9f918,0x0000000087a00000)
 Metaspace       used 16051K, capacity 16292K, committed 16640K, reserved 1064960K
  class space    used 1869K, capacity 1950K, committed 2048K, reserved 1048576K
Event: 1.892 GC heap after
Heap after GC invocations=4 (full 0):
 PSYoungGen      total 136192K, used 5088K [0x00000000d6200000, 0x00000000dec00000, 0x0000000100000000)
  eden space 131072K, 0% used [0x00000000d6200000,0x00000000d6200000,0x00000000de200000)
  from space 5120K, 99% used [0x00000000de700000,0x00000000debf8020,0x00000000dec00000)
  to   space 5120K, 0% used [0x00000000de200000,0x00000000de200000,0x00000000de700000)
 ParOldGen       total 86016K, used 17329K [0x0000000082600000, 0x0000000087a00000, 0x00000000d6200000)
  object space 86016K, 20% used [0x0000000082600000,0x00000000836ec7f8,0x0000000087a00000)
 Metaspace       used 16051K, capacity 16292K, committed 16640K, reserved 1064960K
  class space    used 1869K, capacity 1950K, committed 2048K, reserved 1048576K
}
Event: 3.429 GC heap before
{Heap before GC invocations=5 (full 0):
 PSYoungGen      total 136192K, used 119353K [0x00000000d6200000, 0x00000000dec00000, 0x0000000100000000)
  eden space 131072K, 87% used [0x00000000d6200000,0x00000000dd196438,0x00000000de200000)
  from space 5120K, 99% used [0x00000000de700000,0x00000000debf8020,0x00000000dec00000)
  to   space 5120K, 0% used [0x00000000de200000,0x00000000de200000,0x00000000de700000)
 ParOldGen       total 86016K, used 17329K [0x0000000082600000, 0x0000000087a00000, 0x00000000d6200000)
  object space 86016K, 20% used [0x0000000082600000,0x00000000836ec7f8,0x0000000087a00000)
 Metaspace       used 20601K, capacity 21160K, committed 21248K, reserved 1069056K
  class space    used 2367K, capacity 2547K, committed 2560K, reserved 1048576K
Event: 3.442 GC heap after
Heap after GC invocations=5 (full 0):
 PSYoungGen      total 136192K, used 5104K [0x00000000d6200000, 0x00000000e8500000, 0x0000000100000000)
  eden space 131072K, 0% used [0x00000000d6200000,0x00000000d6200000,0x00000000de200000)
  from space 5120K, 99% used [0x00000000de200000,0x00000000de6fc030,0x00000000de700000)
  to   space 17920K, 0% used [0x00000000e7380000,0x00000000e7380000,0x00000000e8500000)
 ParOldGen       total 86016K, used 26488K [0x0000000082600000, 0x0000000087a00000, 0x00000000d6200000)
  object space 86016K, 30% used [0x0000000082600000,0x0000000083fde138,0x0000000087a00000)
 Metaspace       used 20601K, capacity 21160K, committed 21248K, reserved 1069056K
  class space    used 2367K, capacity 2547K, committed 2560K, reserved 1048576K
}
Event: 3.442 GC heap before
{Heap before GC invocations=6 (full 1):
 PSYoungGen      total 136192K, used 5104K [0x00000000d6200000, 0x00000000e8500000, 0x0000000100000000)
  eden space 131072K, 0% used [0x00000000d6200000,0x00000000d6200000,0x00000000de200000)
  from space 5120K, 99% used [0x00000000de200000,0x00000000de6fc030,0x00000000de700000)
  to   space 17920K, 0% used [0x00000000e7380000,0x00000000e7380000,0x00000000e8500000)
 ParOldGen       total 86016K, used 26488K [0x0000000082600000, 0x0000000087a00000, 0x00000000d6200000)
  object space 86016K, 30% used [0x0000000082600000,0x0000000083fde138,0x0000000087a00000)
 Metaspace       used 20601K, capacity 21160K, committed 21248K, reserved 1069056K
  class space    used 2367K, capacity 2547K, committed 2560K, reserved 1048576K
Event: 3.519 GC heap after
Heap after GC invocations=6 (full 1):
 PSYoungGen      total 136192K, used 0K [0x00000000d6200000, 0x00000000e8500000, 0x0000000100000000)
  eden space 131072K, 0% used [0x00000000d6200000,0x00000000d6200000,0x00000000de200000)
  from space 5120K, 0% used [0x00000000de200000,0x00000000de200000,0x00000000de700000)
  to   space 17920K, 0% used [0x00000000e7380000,0x00000000e7380000,0x00000000e8500000)
 ParOldGen       total 89600K, used 25330K [0x0000000082600000, 0x0000000087d80000, 0x00000000d6200000)
  object space 89600K, 28% used [0x0000000082600000,0x0000000083ebca10,0x0000000087d80000)
 Metaspace       used 20601K, capacity 21160K, committed 21248K, reserved 1069056K
  class space    used 2367K, capacity 2547K, committed 2560K, reserved 1048576K
}
Event: 4.722 GC heap before
{Heap before GC invocations=7 (full 1):
 PSYoungGen      total 136192K, used 131072K [0x00000000d6200000, 0x00000000e8500000, 0x0000000100000000)
  eden space 131072K, 100% used [0x00000000d6200000,0x00000000de200000,0x00000000de200000)
  from space 5120K, 0% used [0x00000000de200000,0x00000000de200000,0x00000000de700000)
  to   space 17920K, 0% used [0x00000000e7380000,0x00000000e7380000,0x00000000e8500000)
 ParOldGen       total 89600K, used 25330K [0x0000000082600000, 0x0000000087d80000, 0x00000000d6200000)
  object space 89600K, 28% used [0x0000000082600000,0x0000000083ebca10,0x0000000087d80000)
 Metaspace       used 24668K, capacity 25326K, committed 25600K, reserved 1071104K
  class space    used 2846K, capacity 3041K, committed 3072K, reserved 1048576K
Event: 4.737 GC heap after
Heap after GC invocations=7 (full 1):
 PSYoungGen      total 203264K, used 17916K [0x00000000d6200000, 0x00000000e8500000, 0x0000000100000000)
  eden space 185344K, 0% used [0x00000000d6200000,0x00000000d6200000,0x00000000e1700000)
  from space 17920K, 99% used [0x00000000e7380000,0x00000000e84ff2c0,0x00000000e8500000)
  to   space 23040K, 0% used [0x00000000e5800000,0x00000000e5800000,0x00000000e6e80000)
 ParOldGen       total 89600K, used 29402K [0x0000000082600000, 0x0000000087d80000, 0x00000000d6200000)
  object space 89600K, 32% used [0x0000000082600000,0x00000000842b6b10,0x0000000087d80000)
 Metaspace       used 24668K, capacity 25326K, committed 25600K, reserved 1071104K
  class space    used 2846K, capacity 3041K, committed 3072K, reserved 1048576K
}
Event: 5.776 GC heap before
{Heap before GC invocations=8 (full 1):
 PSYoungGen      total 203264K, used 203260K [0x00000000d6200000, 0x00000000e8500000, 0x0000000100000000)
  eden space 185344K, 100% used [0x00000000d6200000,0x00000000e1700000,0x00000000e1700000)
  from space 17920K, 99% used [0x00000000e7380000,0x00000000e84ff2c0,0x00000000e8500000)
  to   space 23040K, 0% used [0x00000000e5800000,0x00000000e5800000,0x00000000e6e80000)
 ParOldGen       total 89600K, used 29402K [0x0000000082600000, 0x0000000087d80000, 0x00000000d6200000)
  object space 89600K, 32% used [0x0000000082600000,0x00000000842b6b10,0x0000000087d80000)
 Metaspace       used 28051K, capacity 28808K, committed 29056K, reserved 1075200K
  class space    used 3203K, capacity 3424K, committed 3456K, reserved 1048576K
Event: 5.797 GC heap after
Heap after GC invocations=8 (full 1):
 PSYoungGen      total 274944K, used 23010K [0x00000000d6200000, 0x00000000e9f00000, 0x0000000100000000)
  eden space 251904K, 0% used [0x00000000d6200000,0x00000000d6200000,0x00000000e5800000)
  from space 23040K, 99% used [0x00000000e5800000,0x00000000e6e78858,0x00000000e6e80000)
  to   space 30208K, 0% used [0x00000000e8180000,0x00000000e8180000,0x00000000e9f00000)
 ParOldGen       total 89600K, used 35368K [0x0000000082600000, 0x0000000087d80000, 0x00000000d6200000)
  object space 89600K, 39% used [0x0000000082600000,0x000000008488a240,0x0000000087d80000)
 Metaspace       used 28051K, capacity 28808K, committed 29056K, reserved 1075200K
  class space    used 3203K, capacity 3424K, committed 3456K, reserved 1048576K
}

