# JRE version: Java(TM) SE Runtime Environment (8.0_161-b12) (build 1.8.0_161-b12)
# Java VM: Java HotSpot(TM) 64-Bit Server VM (25.161-b12 mixed mode windows-amd64 compressed oops)
Heap:
 PSYoungGen      total 250368K, used 9874K [0x00000000d6200000, 0x00000000e7b00000, 0x0000000100000000)
  eden space 236032K, 0% used [0x00000000d6200000,0x00000000d6200000,0x00000000e4880000)
  from space 14336K, 68% used [0x00000000e5f00000,0x00000000e68a4960,0x00000000e6d00000)
  to   space 11264K, 0% used [0x00000000e7000000,0x00000000e7000000,0x00000000e7b00000)
 ParOldGen       total 79360K, used 24512K [0x0000000082600000, 0x0000000087380000, 0x00000000d6200000)
  object space 79360K, 30% used [0x0000000082600000,0x0000000083df0060,0x0000000087380000)
 Metaspace       used 55758K, capacity 59124K, committed 59160K, reserved 1099776K
  class space    used 7876K, capacity 8458K, committed 8488K, reserved 1048576K
GC Heap History (10 events):
Event: 3.344 GC heap after
Heap after GC invocations=9 (full 1):
 PSYoungGen      total 196608K, used 9210K [0x00000000d6200000, 0x00000000e4800000, 0x0000000100000000)
  eden space 187392K, 0% used [0x00000000d6200000,0x00000000d6200000,0x00000000e1900000)
  from space 9216K, 99% used [0x00000000e2400000,0x00000000e2cfe8f0,0x00000000e2d00000)
  to   space 11264K, 0% used [0x00000000e1900000,0x00000000e1900000,0x00000000e2400000)
 ParOldGen       total 51200K, used 10385K [0x0000000082600000, 0x0000000085800000, 0x00000000d6200000)
  object space 51200K, 20% used [0x0000000082600000,0x00000000830247c0,0x0000000085800000)
 Metaspace       used 32637K, capacity 34734K, committed 34944K, reserved 1079296K
  class space    used 4481K, capacity 4910K, committed 4992K, reserved 1048576K
}
Event: 3.513 GC heap before
{Heap before GC invocations=10 (full 1):
 PSYoungGen      total 196608K, used 29748K [0x00000000d6200000, 0x00000000e4800000, 0x0000000100000000)
  eden space 187392K, 10% used [0x00000000d6200000,0x00000000d760e8f0,0x00000000e1900000)
  from space 9216K, 99% used [0x00000000e2400000,0x00000000e2cfe8f0,0x00000000e2d00000)
  to   space 11264K, 0% used [0x00000000e1900000,0x00000000e1900000,0x00000000e2400000)
 ParOldGen       total 51200K, used 10385K [0x0000000082600000, 0x0000000085800000, 0x00000000d6200000)
  object space 51200K, 20% used [0x0000000082600000,0x00000000830247c0,0x0000000085800000)
 Metaspace       used 33313K, capacity 35424K, committed 35496K, reserved 1079296K
  class space    used 4585K, capacity 5009K, committed 5032K, reserved 1048576K
Event: 3.520 GC heap after
Heap after GC invocations=10 (full 1):
 PSYoungGen      total 198656K, used 5731K [0x00000000d6200000, 0x00000000e7b00000, 0x0000000100000000)
  eden space 187392K, 0% used [0x00000000d6200000,0x00000000d6200000,0x00000000e1900000)
  from space 11264K, 50% used [0x00000000e1900000,0x00000000e1e98cb8,0x00000000e2400000)
  to   space 11264K, 0% used [0x00000000e7000000,0x00000000e7000000,0x00000000e7b00000)
 ParOldGen       total 51200K, used 11546K [0x0000000082600000, 0x0000000085800000, 0x00000000d6200000)
  object space 51200K, 22% used [0x0000000082600000,0x0000000083146930,0x0000000085800000)
 Metaspace       used 33313K, capacity 35424K, committed 35496K, reserved 1079296K
  class space    used 4585K, capacity 5009K, committed 5032K, reserved 1048576K
}
Event: 3.520 GC heap before
{Heap before GC invocations=11 (full 2):
 PSYoungGen      total 198656K, used 5731K [0x00000000d6200000, 0x00000000e7b00000, 0x0000000100000000)
  eden space 187392K, 0% used [0x00000000d6200000,0x00000000d6200000,0x00000000e1900000)
  from space 11264K, 50% used [0x00000000e1900000,0x00000000e1e98cb8,0x00000000e2400000)
  to   space 11264K, 0% used [0x00000000e7000000,0x00000000e7000000,0x00000000e7b00000)
 ParOldGen       total 51200K, used 11546K [0x0000000082600000, 0x0000000085800000, 0x00000000d6200000)
  object space 51200K, 22% used [0x0000000082600000,0x0000000083146930,0x0000000085800000)
 Metaspace       used 33313K, capacity 35424K, committed 35496K, reserved 1079296K
  class space    used 4585K, capacity 5009K, committed 5032K, reserved 1048576K
Event: 3.589 GC heap after
Heap after GC invocations=11 (full 2):
 PSYoungGen      total 198656K, used 0K [0x00000000d6200000, 0x00000000e7b00000, 0x0000000100000000)
  eden space 187392K, 0% used [0x00000000d6200000,0x00000000d6200000,0x00000000e1900000)
  from space 11264K, 0% used [0x00000000e1900000,0x00000000e1900000,0x00000000e2400000)
  to   space 11264K, 0% used [0x00000000e7000000,0x00000000e7000000,0x00000000e7b00000)
 ParOldGen       total 79360K, used 11643K [0x0000000082600000, 0x0000000087380000, 0x00000000d6200000)
  object space 79360K, 14% used [0x0000000082600000,0x000000008315ee20,0x0000000087380000)
 Metaspace       used 33313K, capacity 35424K, committed 35496K, reserved 1079296K
  class space    used 4585K, capacity 5009K, committed 5032K, reserved 1048576K
}
Event: 6.146 GC heap before
{Heap before GC invocations=12 (full 2):
 PSYoungGen      total 198656K, used 187392K [0x00000000d6200000, 0x00000000e7b00000, 0x0000000100000000)
  eden space 187392K, 100% used [0x00000000d6200000,0x00000000e1900000,0x00000000e1900000)
  from space 11264K, 0% used [0x00000000e1900000,0x00000000e1900000,0x00000000e2400000)
  to   space 11264K, 0% used [0x00000000e7000000,0x00000000e7000000,0x00000000e7b00000)
 ParOldGen       total 79360K, used 11643K [0x0000000082600000, 0x0000000087380000, 0x00000000d6200000)
  object space 79360K, 14% used [0x0000000082600000,0x000000008315ee20,0x0000000087380000)
 Metaspace       used 47001K, capacity 49636K, committed 49960K, reserved 1091584K
  class space    used 6568K, capacity 7088K, committed 7208K, reserved 1048576K
Event: 6.165 GC heap after
Heap after GC invocations=12 (full 2):
 PSYoungGen      total 247296K, used 11238K [0x00000000d6200000, 0x00000000e7b00000, 0x0000000100000000)
  eden space 236032K, 0% used [0x00000000d6200000,0x00000000d6200000,0x00000000e4880000)
  from space 11264K, 99% used [0x00000000e7000000,0x00000000e7af98d8,0x00000000e7b00000)
  to   space 14336K, 0% used [0x00000000e5f00000,0x00000000e5f00000,0x00000000e6d00000)
 ParOldGen       total 79360K, used 17535K [0x0000000082600000, 0x0000000087380000, 0x00000000d6200000)
  object space 79360K, 22% used [0x0000000082600000,0x000000008371fd38,0x0000000087380000)
 Metaspace       used 47001K, capacity 49636K, committed 49960K, reserved 1091584K
  class space    used 6568K, capacity 7088K, committed 7208K, reserved 1048576K
}
Event: 7.519 GC heap before
{Heap before GC invocations=13 (full 2):
 PSYoungGen      total 247296K, used 146341K [0x00000000d6200000, 0x00000000e7b00000, 0x0000000100000000)
  eden space 236032K, 57% used [0x00000000d6200000,0x00000000de5eff08,0x00000000e4880000)
  from space 11264K, 99% used [0x00000000e7000000,0x00000000e7af98d8,0x00000000e7b00000)
  to   space 14336K, 0% used [0x00000000e5f00000,0x00000000e5f00000,0x00000000e6d00000)
 ParOldGen       total 79360K, used 17535K [0x0000000082600000, 0x0000000087380000, 0x00000000d6200000)
  object space 79360K, 22% used [0x0000000082600000,0x000000008371fd38,0x0000000087380000)
 Metaspace       used 55758K, capacity 59124K, committed 59160K, reserved 1099776K
  class space    used 7876K, capacity 8458K, committed 8488K, reserved 1048576K
Event: 7.541 GC heap after
Heap after GC invocations=13 (full 2):
 PSYoungGen      total 250368K, used 9874K [0x00000000d6200000, 0x00000000e7b00000, 0x0000000100000000)
  eden space 236032K, 0% used [0x00000000d6200000,0x00000000d6200000,0x00000000e4880000)
  from space 14336K, 68% used [0x00000000e5f00000,0x00000000e68a4960,0x00000000e6d00000)
  to   space 11264K, 0% used [0x00000000e7000000,0x00000000e7000000,0x00000000e7b00000)
 ParOldGen       total 79360K, used 24512K [0x0000000082600000, 0x0000000087380000, 0x00000000d6200000)
  object space 79360K, 30% used [0x0000000082600000,0x0000000083df0060,0x0000000087380000)
 Metaspace       used 55758K, capacity 59124K, committed 59160K, reserved 1099776K
  class space    used 7876K, capacity 8458K, committed 8488K, reserved 1048576K
}
Event: 7.541 GC heap before
{Heap before GC invocations=14 (full 3):
 PSYoungGen      total 250368K, used 9874K [0x00000000d6200000, 0x00000000e7b00000, 0x0000000100000000)
  eden space 236032K, 0% used [0x00000000d6200000,0x00000000d6200000,0x00000000e4880000)
  from space 14336K, 68% used [0x00000000e5f00000,0x00000000e68a4960,0x00000000e6d00000)
  to   space 11264K, 0% used [0x00000000e7000000,0x00000000e7000000,0x00000000e7b00000)
 ParOldGen       total 79360K, used 24512K [0x0000000082600000, 0x0000000087380000, 0x00000000d6200000)
  object space 79360K, 30% used [0x0000000082600000,0x0000000083df0060,0x0000000087380000)
 Metaspace       used 55758K, capacity 59124K, committed 59160K, reserved 1099776K
  class space    used 7876K, capacity 8458K, committed 8488K, reserved 1048576K

